
2020-11-24 15:28:20 109.252.117.215
Table 'mirschetok.wa_app_settings' doesn't exist
## wa-system/database/waDbMysqliAdapter.class.php(491)
#0 wa-system/database/waDbMysqliAdapter.class.php(189): waDbMysqliAdapter->exception()
#1 wa-system/database/waModel.class.php(194): waDbMysqliAdapter->schema('wa_app_settings', false)
#2 wa-system/webasyst/lib/models/waAppSettings.model.php(114): waModel->describe('wa_app_settings', false)
#3 wa-system/database/waModel.class.php(149): waAppSettingsModel->describe()
#4 wa-system/database/waModel.class.php(99): waModel->getFields()
#5 wa-system/database/waModel.class.php(78): waModel->getMetadata()
#6 wa-system/contact/waContact.class.php(67): waModel->__construct()
#7 wa-system/user/waUser.class.php(22): waContact->init()
#8 wa-system/user/waAuthUser.class.php(32): waUser->init()
#9 wa-system/user/waAuthUser.class.php(27): waAuthUser->init()
#10 wa-system/waSystem.class.php(250): waAuthUser->__construct(NULL, Array)
#11 wa-system/waSystem.class.php(293): waSystem::getCommonFactory('auth_user', 'waAuthUser', Array, NULL)
#12 wa-system/controller/waDispatch.class.php(115): waSystem->getUser()
#13 wa-system/controller/waDispatch.class.php(32): waDispatch->dispatchBackend('webasyst/')
#14 wa-system/waSystem.class.php(603): waDispatch->dispatch()
#15 index.php(7): waSystem->dispatch()
#16 {main}

2020-11-24 15:28:20 109.252.117.215
Table 'mirschetok.wa_app_settings' doesn't exist
## wa-system/database/waDbMysqliAdapter.class.php(491)
#0 wa-system/database/waDbMysqliAdapter.class.php(189): waDbMysqliAdapter->exception()
#1 wa-system/database/waModel.class.php(194): waDbMysqliAdapter->schema('wa_app_settings', false)
#2 wa-system/webasyst/lib/models/waAppSettings.model.php(114): waModel->describe('wa_app_settings', false)
#3 wa-system/database/waModel.class.php(149): waAppSettingsModel->describe()
#4 wa-system/database/waModel.class.php(99): waModel->getFields()
#5 wa-system/database/waModel.class.php(78): waModel->getMetadata()
#6 wa-system/config/waAppConfig.class.php(272): waModel->__construct()
#7 wa-system/waSystem.class.php(101): waAppConfig->checkUpdates()
#8 wa-system/waSystem.class.php(1396): waSystem::getInstance('webasyst', Object(webasystConfig), false)
#9 wa-system/webasyst/lib/models/waAppSettings.model.php(118): wa('webasyst')
#10 wa-system/database/waModel.class.php(149): waAppSettingsModel->describe()
#11 wa-system/database/waModel.class.php(99): waModel->getFields()
#12 wa-system/database/waModel.class.php(78): waModel->getMetadata()
#13 wa-system/contact/waContact.class.php(67): waModel->__construct()
#14 wa-system/user/waUser.class.php(22): waContact->init()
#15 wa-system/user/waAuthUser.class.php(32): waUser->init()
#16 wa-system/user/waAuthUser.class.php(27): waAuthUser->init()
#17 wa-system/waSystem.class.php(250): waAuthUser->__construct(NULL, Array)
#18 wa-system/waSystem.class.php(293): waSystem::getCommonFactory('auth_user', 'waAuthUser', Array, NULL)
#19 wa-system/controller/waDispatch.class.php(115): waSystem->getUser()
#20 wa-system/controller/waDispatch.class.php(32): waDispatch->dispatchBackend('webasyst/')
#21 wa-system/waSystem.class.php(603): waDispatch->dispatch()
#22 index.php(7): waSystem->dispatch()
#23 {main}

2020-11-24 15:28:20 109.252.117.215
Table 'mirschetok.wa_app_settings' doesn't exist
## wa-system/database/waDbMysqliAdapter.class.php(491)
#0 wa-system/database/waDbMysqliAdapter.class.php(189): waDbMysqliAdapter->exception()
#1 wa-system/database/waModel.class.php(194): waDbMysqliAdapter->schema('wa_app_settings', false)
#2 wa-system/webasyst/lib/models/waAppSettings.model.php(119): waModel->describe('wa_app_settings', false)
#3 wa-system/database/waModel.class.php(149): waAppSettingsModel->describe()
#4 wa-system/database/waModel.class.php(99): waModel->getFields()
#5 wa-system/database/waModel.class.php(78): waModel->getMetadata()
#6 wa-system/config/waAppConfig.class.php(272): waModel->__construct()
#7 wa-system/waSystem.class.php(101): waAppConfig->checkUpdates()
#8 wa-system/waSystem.class.php(1396): waSystem::getInstance('webasyst', Object(webasystConfig), false)
#9 wa-system/webasyst/lib/models/waAppSettings.model.php(118): wa('webasyst')
#10 wa-system/database/waModel.class.php(149): waAppSettingsModel->describe()
#11 wa-system/database/waModel.class.php(99): waModel->getFields()
#12 wa-system/database/waModel.class.php(78): waModel->getMetadata()
#13 wa-system/contact/waContact.class.php(67): waModel->__construct()
#14 wa-system/user/waUser.class.php(22): waContact->init()
#15 wa-system/user/waAuthUser.class.php(32): waUser->init()
#16 wa-system/user/waAuthUser.class.php(27): waAuthUser->init()
#17 wa-system/waSystem.class.php(250): waAuthUser->__construct(NULL, Array)
#18 wa-system/waSystem.class.php(293): waSystem::getCommonFactory('auth_user', 'waAuthUser', Array, NULL)
#19 wa-system/controller/waDispatch.class.php(115): waSystem->getUser()
#20 wa-system/controller/waDispatch.class.php(32): waDispatch->dispatchBackend('webasyst/')
#21 wa-system/waSystem.class.php(603): waDispatch->dispatch()
#22 index.php(7): waSystem->dispatch()
#23 {main}

2020-11-25 10:20:35 109.252.117.215
Query Error 1054: Unknown column 'image' in 'field list'
Query: SELECT image FROM shop_category WHERE 0
## wa-system/database/waModel.class.php(266)
#0 wa-system/database/waModel.class.php(366): waModel->run('SELECT image FR...')
#1 wa-apps/shop/plugins/categoryimage/lib/config/install.php(5): waModel->query('SELECT image FR...')
#2 wa-system/plugin/waPlugin.class.php(182): include('/var/www/vzalog...')
#3 wa-system/plugin/waPlugin.class.php(197): waPlugin->includeCode('/var/www/vzalog...')
#4 wa-system/plugin/waPlugin.class.php(82): waPlugin->install()
#5 wa-system/plugin/waPlugin.class.php(41): waPlugin->checkUpdates()
#6 wa-system/event/waEvent.class.php(234): waPlugin->__construct(Array)
#7 wa-system/event/waEvent.class.php(90): waEvent->runPlugins(NULL, Array)
#8 wa-system/waSystem.class.php(1334): waEvent->run(NULL)
#9 wa-apps/shop/lib/actions/backend/shopBackendProducts.action.php(64): waSystem->event('backend_product...')
#10 wa-system/controller/waViewAction.class.php(161): shopBackendProductsAction->execute()
#11 wa-system/controller/waViewController.class.php(86): waViewAction->display()
#12 wa-system/controller/waDefaultViewController.class.php(48): waViewController->executeAction(Object(shopBackendProductsAction))
#13 wa-system/controller/waController.class.php(21): waDefaultViewController->execute()
#14 wa-system/controller/waViewController.class.php(46): waController->run(NULL)
#15 wa-system/controller/waFrontController.class.php(263): waViewController->run(NULL)
#16 wa-system/controller/waFrontController.class.php(190): waFrontController->runController(Object(waDefaultViewController), NULL)
#17 wa-system/controller/waFrontController.class.php(84): waFrontController->execute(NULL, 'backend', 'products')
#18 wa-system/controller/waDispatch.class.php(157): waFrontController->dispatch()
#19 wa-system/controller/waDispatch.class.php(32): waDispatch->dispatchBackend('webasyst/shop/')
#20 wa-system/waSystem.class.php(603): waDispatch->dispatch()
#21 index.php(7): waSystem->dispatch()
#22 {main}

2020-11-27 08:51:42 109.252.117.215
Table 'mirschetok.shop_seofilter_basic_settings' doesn't exist
## wa-system/database/waDbMysqliAdapter.class.php(491)
#0 wa-system/database/waDbMysqliAdapter.class.php(189): waDbMysqliAdapter->exception()
#1 wa-system/database/waModel.class.php(194): waDbMysqliAdapter->schema('shop_seofilter_...', false)
#2 wa-system/database/waModel.class.php(149): waModel->describe()
#3 wa-system/database/waModel.class.php(99): waModel->getFields()
#4 wa-system/database/waModel.class.php(78): waModel->getMetadata()
#5 wa-apps/shop/plugins/seofilter/lib/models/shopSeofilterBasicSettings.model.php(17): waModel->__construct(NULL, false)
#6 wa-apps/shop/plugins/seofilter/lib/models/shopSeofilterBasicSettings.model.php(32): shopSeofilterBasicSettingsModel->__construct()
#7 wa-apps/shop/plugins/brand/lib/classes/helpers/shopBrandSeofilterHelper.class.php(29): shopSeofilterBasicSettingsModel::getSettings()
#8 wa-apps/shop/plugins/brand/lib/shopBrand.plugin.php(25): shopBrandSeofilterHelper->isSeofilterPluginEnabled()
#9 wa-system/event/waEvent.class.php(242): shopBrandPlugin->routing(Array, 'routing')
#10 wa-system/event/waEvent.class.php(90): waEvent->runPlugins(Array, Array)
#11 wa-system/waSystem.class.php(1334): waEvent->run(Array)
#12 wa-apps/shop/lib/config/shopConfig.class.php(162): waSystem->event('routing', Array)
#13 wa-system/routing/waRouting.class.php(309): shopConfig->getRouting(Array, true)
#14 wa-system/routing/waRouting.class.php(228): waRouting->getAppRoutes('shop', Array, true)
#15 wa-system/controller/waFrontController.class.php(64): waRouting->dispatch()
#16 wa-system/controller/waDispatch.class.php(157): waFrontController->dispatch()
#17 wa-system/controller/waDispatch.class.php(32): waDispatch->dispatchBackend('webasyst/shop/')
#18 wa-system/waSystem.class.php(603): waDispatch->dispatch()
#19 index.php(7): waSystem->dispatch()
#20 {main}

2020-11-27 08:51:42 109.252.117.215
Query Error 1054: Unknown column 'flexdiscount_minimal_discount_price' in 'field list'
Query: SELECT flexdiscount_minimal_discount_price FROM shop_product_skus WHERE 0
## wa-system/database/waModel.class.php(266)
#0 wa-system/database/waModel.class.php(321): waModel->run('SELECT flexdisc...')
#1 wa-apps/shop/plugins/flexdiscount/lib/config/install.php(40): waModel->exec('SELECT flexdisc...')
#2 wa-system/plugin/waPlugin.class.php(182): include('/var/www/vzalog...')
#3 wa-system/plugin/waPlugin.class.php(197): waPlugin->includeCode('/var/www/vzalog...')
#4 wa-system/plugin/waPlugin.class.php(82): waPlugin->install()
#5 wa-system/plugin/waPlugin.class.php(41): waPlugin->checkUpdates()
#6 wa-apps/shop/plugins/flexdiscount/lib/shopFlexdiscount.plugin.php(17): waPlugin->__construct(Array)
#7 wa-system/event/waEvent.class.php(234): shopFlexdiscountPlugin->__construct(Array)
#8 wa-system/event/waEvent.class.php(90): waEvent->runPlugins(Array, Array)
#9 wa-system/waSystem.class.php(1334): waEvent->run(Array)
#10 wa-apps/shop/lib/config/shopConfig.class.php(162): waSystem->event('routing', Array)
#11 wa-system/routing/waRouting.class.php(309): shopConfig->getRouting(Array, true)
#12 wa-system/routing/waRouting.class.php(228): waRouting->getAppRoutes('shop', Array, true)
#13 wa-system/controller/waFrontController.class.php(64): waRouting->dispatch()
#14 wa-system/controller/waDispatch.class.php(157): waFrontController->dispatch()
#15 wa-system/controller/waDispatch.class.php(32): waDispatch->dispatchBackend('webasyst/shop/')
#16 wa-system/waSystem.class.php(603): waDispatch->dispatch()
#17 index.php(7): waSystem->dispatch()
#18 {main}

2020-11-27 08:51:42 109.252.117.215
Query Error 1054: Unknown column 'flexdiscount_minimal_discount_currency' in 'field list'
Query: SELECT flexdiscount_minimal_discount_currency FROM shop_product_skus WHERE 0
## wa-system/database/waModel.class.php(266)
#0 wa-system/database/waModel.class.php(321): waModel->run('SELECT flexdisc...')
#1 wa-apps/shop/plugins/flexdiscount/lib/config/install.php(46): waModel->exec('SELECT flexdisc...')
#2 wa-system/plugin/waPlugin.class.php(182): include('/var/www/vzalog...')
#3 wa-system/plugin/waPlugin.class.php(197): waPlugin->includeCode('/var/www/vzalog...')
#4 wa-system/plugin/waPlugin.class.php(82): waPlugin->install()
#5 wa-system/plugin/waPlugin.class.php(41): waPlugin->checkUpdates()
#6 wa-apps/shop/plugins/flexdiscount/lib/shopFlexdiscount.plugin.php(17): waPlugin->__construct(Array)
#7 wa-system/event/waEvent.class.php(234): shopFlexdiscountPlugin->__construct(Array)
#8 wa-system/event/waEvent.class.php(90): waEvent->runPlugins(Array, Array)
#9 wa-system/waSystem.class.php(1334): waEvent->run(Array)
#10 wa-apps/shop/lib/config/shopConfig.class.php(162): waSystem->event('routing', Array)
#11 wa-system/routing/waRouting.class.php(309): shopConfig->getRouting(Array, true)
#12 wa-system/routing/waRouting.class.php(228): waRouting->getAppRoutes('shop', Array, true)
#13 wa-system/controller/waFrontController.class.php(64): waRouting->dispatch()
#14 wa-system/controller/waDispatch.class.php(157): waFrontController->dispatch()
#15 wa-system/controller/waDispatch.class.php(32): waDispatch->dispatchBackend('webasyst/shop/')
#16 wa-system/waSystem.class.php(603): waDispatch->dispatch()
#17 index.php(7): waSystem->dispatch()
#18 {main}

2020-11-27 08:51:42 109.252.117.215
Query Error 1054: Unknown column 'flexdiscount_minimal_discount_price' in 'field list'
Query: SELECT flexdiscount_minimal_discount_price FROM shop_product WHERE 0
## wa-system/database/waModel.class.php(266)
#0 wa-system/database/waModel.class.php(321): waModel->run('SELECT flexdisc...')
#1 wa-apps/shop/plugins/flexdiscount/lib/config/install.php(52): waModel->exec('SELECT flexdisc...')
#2 wa-system/plugin/waPlugin.class.php(182): include('/var/www/vzalog...')
#3 wa-system/plugin/waPlugin.class.php(197): waPlugin->includeCode('/var/www/vzalog...')
#4 wa-system/plugin/waPlugin.class.php(82): waPlugin->install()
#5 wa-system/plugin/waPlugin.class.php(41): waPlugin->checkUpdates()
#6 wa-apps/shop/plugins/flexdiscount/lib/shopFlexdiscount.plugin.php(17): waPlugin->__construct(Array)
#7 wa-system/event/waEvent.class.php(234): shopFlexdiscountPlugin->__construct(Array)
#8 wa-system/event/waEvent.class.php(90): waEvent->runPlugins(Array, Array)
#9 wa-system/waSystem.class.php(1334): waEvent->run(Array)
#10 wa-apps/shop/lib/config/shopConfig.class.php(162): waSystem->event('routing', Array)
#11 wa-system/routing/waRouting.class.php(309): shopConfig->getRouting(Array, true)
#12 wa-system/routing/waRouting.class.php(228): waRouting->getAppRoutes('shop', Array, true)
#13 wa-system/controller/waFrontController.class.php(64): waRouting->dispatch()
#14 wa-system/controller/waDispatch.class.php(157): waFrontController->dispatch()
#15 wa-system/controller/waDispatch.class.php(32): waDispatch->dispatchBackend('webasyst/shop/')
#16 wa-system/waSystem.class.php(603): waDispatch->dispatch()
#17 index.php(7): waSystem->dispatch()
#18 {main}

2020-11-27 08:51:42 109.252.117.215
Query Error 1054: Unknown column 'flexdiscount_minimal_discount_currency' in 'field list'
Query: SELECT flexdiscount_minimal_discount_currency FROM shop_product WHERE 0
## wa-system/database/waModel.class.php(266)
#0 wa-system/database/waModel.class.php(321): waModel->run('SELECT flexdisc...')
#1 wa-apps/shop/plugins/flexdiscount/lib/config/install.php(58): waModel->exec('SELECT flexdisc...')
#2 wa-system/plugin/waPlugin.class.php(182): include('/var/www/vzalog...')
#3 wa-system/plugin/waPlugin.class.php(197): waPlugin->includeCode('/var/www/vzalog...')
#4 wa-system/plugin/waPlugin.class.php(82): waPlugin->install()
#5 wa-system/plugin/waPlugin.class.php(41): waPlugin->checkUpdates()
#6 wa-apps/shop/plugins/flexdiscount/lib/shopFlexdiscount.plugin.php(17): waPlugin->__construct(Array)
#7 wa-system/event/waEvent.class.php(234): shopFlexdiscountPlugin->__construct(Array)
#8 wa-system/event/waEvent.class.php(90): waEvent->runPlugins(Array, Array)
#9 wa-system/waSystem.class.php(1334): waEvent->run(Array)
#10 wa-apps/shop/lib/config/shopConfig.class.php(162): waSystem->event('routing', Array)
#11 wa-system/routing/waRouting.class.php(309): shopConfig->getRouting(Array, true)
#12 wa-system/routing/waRouting.class.php(228): waRouting->getAppRoutes('shop', Array, true)
#13 wa-system/controller/waFrontController.class.php(64): waRouting->dispatch()
#14 wa-system/controller/waDispatch.class.php(157): waFrontController->dispatch()
#15 wa-system/controller/waDispatch.class.php(32): waDispatch->dispatchBackend('webasyst/shop/')
#16 wa-system/waSystem.class.php(603): waDispatch->dispatch()
#17 index.php(7): waSystem->dispatch()
#18 {main}

2020-11-27 08:51:55 109.252.117.215
Query Error 1054: Unknown column 'smartfilters' in 'field list'
Query: SELECT smartfilters FROM shop_category WHERE 0
## wa-system/database/waModel.class.php(266)
#0 wa-system/database/waModel.class.php(366): waModel->run('SELECT smartfil...')
#1 wa-apps/shop/plugins/smartfilters/lib/config/install.php(7): waModel->query('SELECT smartfil...')
#2 wa-system/plugin/waPlugin.class.php(182): include('/var/www/vzalog...')
#3 wa-system/plugin/waPlugin.class.php(197): waPlugin->includeCode('/var/www/vzalog...')
#4 wa-system/plugin/waPlugin.class.php(82): waPlugin->install()
#5 wa-system/plugin/waPlugin.class.php(41): waPlugin->checkUpdates()
#6 wa-system/event/waEvent.class.php(234): waPlugin->__construct(Array)
#7 wa-system/event/waEvent.class.php(90): waEvent->runPlugins(Object(shopProductsCollection), Array)
#8 wa-system/waSystem.class.php(1334): waEvent->run(Object(shopProductsCollection))
#9 wa-apps/shop/lib/classes/shopProductsCollection.class.php(1624): waSystem->event('products_collec...', Object(shopProductsCollection))
#10 wa-apps/shop/lib/classes/shopProductsCollection.class.php(1716): shopProductsCollection->getSQL()
#11 wa-apps/shop/lib/actions/products/shopProducts.action.php(102): shopProductsCollection->getProducts('*,image', 0, 30)
#12 wa-apps/shop/lib/actions/products/shopProducts.action.php(51): shopProductsAction->getProducts(Array)
#13 wa-system/controller/waViewAction.class.php(161): shopProductsAction->execute()
#14 wa-system/controller/waViewController.class.php(86): waViewAction->display()
#15 wa-system/controller/waDefaultViewController.class.php(48): waViewController->executeAction(Object(shopProductsAction))
#16 wa-system/controller/waController.class.php(21): waDefaultViewController->execute()
#17 wa-system/controller/waViewController.class.php(46): waController->run(NULL)
#18 wa-system/controller/waFrontController.class.php(263): waViewController->run(NULL)
#19 wa-system/controller/waFrontController.class.php(190): waFrontController->runController(Object(waDefaultViewController), NULL)
#20 wa-system/controller/waFrontController.class.php(84): waFrontController->execute(NULL, 'products', NULL)
#21 wa-system/controller/waDispatch.class.php(157): waFrontController->dispatch()
#22 wa-system/controller/waDispatch.class.php(32): waDispatch->dispatchBackend('webasyst/shop/')
#23 wa-system/waSystem.class.php(603): waDispatch->dispatch()
#24 index.php(7): waSystem->dispatch()
#25 {main}

2020-11-27 08:51:55 109.252.117.215
Query Error 1054: Unknown column 'smartfilters_name' in 'field list'
Query: SELECT smartfilters_name FROM shop_category WHERE 0
## wa-system/database/waModel.class.php(266)
#0 wa-system/database/waModel.class.php(366): waModel->run('SELECT smartfil...')
#1 wa-apps/shop/plugins/smartfilters/lib/config/install.php(13): waModel->query('SELECT smartfil...')
#2 wa-system/plugin/waPlugin.class.php(182): include('/var/www/vzalog...')
#3 wa-system/plugin/waPlugin.class.php(197): waPlugin->includeCode('/var/www/vzalog...')
#4 wa-system/plugin/waPlugin.class.php(82): waPlugin->install()
#5 wa-system/plugin/waPlugin.class.php(41): waPlugin->checkUpdates()
#6 wa-system/event/waEvent.class.php(234): waPlugin->__construct(Array)
#7 wa-system/event/waEvent.class.php(90): waEvent->runPlugins(Object(shopProductsCollection), Array)
#8 wa-system/waSystem.class.php(1334): waEvent->run(Object(shopProductsCollection))
#9 wa-apps/shop/lib/classes/shopProductsCollection.class.php(1624): waSystem->event('products_collec...', Object(shopProductsCollection))
#10 wa-apps/shop/lib/classes/shopProductsCollection.class.php(1716): shopProductsCollection->getSQL()
#11 wa-apps/shop/lib/actions/products/shopProducts.action.php(102): shopProductsCollection->getProducts('*,image', 0, 30)
#12 wa-apps/shop/lib/actions/products/shopProducts.action.php(51): shopProductsAction->getProducts(Array)
#13 wa-system/controller/waViewAction.class.php(161): shopProductsAction->execute()
#14 wa-system/controller/waViewController.class.php(86): waViewAction->display()
#15 wa-system/controller/waDefaultViewController.class.php(48): waViewController->executeAction(Object(shopProductsAction))
#16 wa-system/controller/waController.class.php(21): waDefaultViewController->execute()
#17 wa-system/controller/waViewController.class.php(46): waController->run(NULL)
#18 wa-system/controller/waFrontController.class.php(263): waViewController->run(NULL)
#19 wa-system/controller/waFrontController.class.php(190): waFrontController->runController(Object(waDefaultViewController), NULL)
#20 wa-system/controller/waFrontController.class.php(84): waFrontController->execute(NULL, 'products', NULL)
#21 wa-system/controller/waDispatch.class.php(157): waFrontController->dispatch()
#22 wa-system/controller/waDispatch.class.php(32): waDispatch->dispatchBackend('webasyst/shop/')
#23 wa-system/waSystem.class.php(603): waDispatch->dispatch()
#24 index.php(7): waSystem->dispatch()
#25 {main}

2020-12-16 19:50:20 77.222.102.24
Query Error 1062: Duplicate entry '1-0' for key 'values'
Query: INSERT  INTO shop_feature_values_double
                   (`value`, `sort`, `feature_id`) VALUES (0, '2', '1')
## wa-system/database/waModel.class.php(266)
#0 wa-system/database/waModel.class.php(366): waModel->run('INSERT  INTO sh...')
#1 wa-system/database/waModel.class.php(600): waModel->query('INSERT  INTO sh...')
#2 wa-apps/shop/lib/model/shopSortable.model.php(129): waModel->insert(Array, 0)
#3 wa-apps/shop/lib/model/shopFeatureValues.model.php(237): shopSortableModel->insert(Array)
#4 wa-apps/shop/lib/model/shopFeature.model.php(653): shopFeatureValuesModel->addValue('1', '/xD0/xBF/xD0/xB5/xD1/x80/xD0/xB2/xD0/xBE/xD0/xB5', -2, 'double', 2)
#5 wa-apps/shop/lib/actions/settings/typefeat/shopSettingsTypefeatFeatureSave.controller.php(123): shopFeatureModel->setValues(Array, Array)
#6 wa-system/controller/waController.class.php(21): shopSettingsTypefeatFeatureSaveController->execute()
#7 wa-system/controller/waJsonController.class.php(28): waController->run(NULL)
#8 wa-system/controller/waFrontController.class.php(263): waJsonController->run(NULL)
#9 wa-system/controller/waFrontController.class.php(190): waFrontController->runController(Object(shopSettingsTypefeatFeatureSaveController), NULL)
#10 wa-system/controller/waFrontController.class.php(84): waFrontController->execute(NULL, 'settingsTypefea...', 'featureSave')
#11 wa-system/controller/waDispatch.class.php(157): waFrontController->dispatch()
#12 wa-system/controller/waDispatch.class.php(32): waDispatch->dispatchBackend('webasyst/shop/')
#13 wa-system/waSystem.class.php(603): waDispatch->dispatch()
#14 index.php(7): waSystem->dispatch()
#15 {main}
